[debug] [2022-02-06T20:10:27.801Z] ----------------------------------------------------------------------
[debug] [2022-02-06T20:10:27.803Z] Command:       /usr/local/bin/node /usr/local/bin/firebase init
[debug] [2022-02-06T20:10:27.804Z] CLI Version:   10.1.4
[debug] [2022-02-06T20:10:27.804Z] Platform:      linux
[debug] [2022-02-06T20:10:27.804Z] Node Version:  v16.13.2
[debug] [2022-02-06T20:10:27.805Z] Time:          Sun Feb 06 2022 21:10:27 GMT+0100 (Central European Standard Time)
[debug] [2022-02-06T20:10:27.805Z] ----------------------------------------------------------------------
[debug] 
[debug] [2022-02-06T20:10:27.884Z] > command requires scopes: ["email","openid","https://www.googleapis.com/auth/cloudplatformprojects.readonly","https://www.googleapis.com/auth/firebase","https://www.googleapis.com/auth/cloud-platform"]
[debug] [2022-02-06T20:10:27.884Z] > authorizing via signed-in user (riccardozilio.zilio@gmail.com)
[info] 
     ######## #### ########  ######## ########     ###     ######  ########
     ##        ##  ##     ## ##       ##     ##  ##   ##  ##       ##
     ######    ##  ########  ######   ########  #########  ######  ######
     ##        ##  ##    ##  ##       ##     ## ##     ##       ## ##
     ##       #### ##     ## ######## ########  ##     ##  ######  ########

You're about to initialize a Firebase project in this directory:

  /home/riccardo/work/firebase-banzai

Before we get started, keep in mind:

  * You are initializing within an existing Firebase project directory

[info] 
=== Project Setup
[info] 
[info] First, let's associate this project directory with a Firebase project.
[info] You can create multiple project aliases by running firebase use --add, 
[info] but for now we'll just set up a default project.
[info] 
[debug] [2022-02-06T20:11:04.476Z] Using project from CLI flag: fir-banzai
[debug] [2022-02-06T20:11:04.478Z] > refreshing access token with scopes: []
[debug] [2022-02-06T20:11:04.478Z] >>> HTTP REQUEST POST https://www.googleapis.com/oauth2/v3/token  
 <request body omitted>
[debug] [2022-02-06T20:11:04.605Z] <<< HTTP RESPONSE 200 {"expires":"Mon, 01 Jan 1990 00:00:00 GMT","date":"Sun, 06 Feb 2022 20:11:04 GMT","pragma":"no-cache","cache-control":"no-cache, no-store, max-age=0, must-revalidate","content-type":"application/json; charset=utf-8","vary":"X-Origin, Referer, Origin,Accept-Encoding","server":"scaffolding on HTTPServer2","x-xss-protection":"0","x-frame-options":"SAMEORIGIN","x-content-type-options":"nosniff","alt-svc":"h3=\":443\"; ma=2592000,h3-29=\":443\"; ma=2592000,h3-Q050=\":443\"; ma=2592000,h3-Q046=\":443\"; ma=2592000,h3-Q043=\":443\"; ma=2592000,quic=\":443\"; ma=2592000; v=\"46,43\"","accept-ranges":"none","transfer-encoding":"chunked"}
[debug] [2022-02-06T20:11:04.611Z] >>> [apiv2][query] GET https://firebase.googleapis.com/v1beta1/projects/fir-banzai [none]
[debug] [2022-02-06T20:11:04.981Z] <<< [apiv2][status] GET https://firebase.googleapis.com/v1beta1/projects/fir-banzai 200
[debug] [2022-02-06T20:11:04.981Z] <<< [apiv2][body] GET https://firebase.googleapis.com/v1beta1/projects/fir-banzai {"projectId":"fir-banzai","projectNumber":"578747535473","displayName":"fir-banzai","name":"projects/fir-banzai","resources":{"hostingSite":"fir-banzai","storageBucket":"fir-banzai.appspot.com","locationId":"europe-central2"},"state":"ACTIVE"}
[info] i  Using project fir-banzai (fir-banzai) 
[info] 
=== Hosting Setup
[info] 
[info] Your public directory is the folder (relative to your project directory) that
[info] will contain Hosting assets to be uploaded with firebase deploy. If you
[info] have a build process for your assets, use your build's output directory.
[info] 
